<?xml version="1.0" encoding="UTF-8"?>
<testng-results ignored="0" total="1" passed="1" failed="0" skipped="0">
  <reporter-output>
  </reporter-output>
  <suite started-at="2024-03-05T15:33:55 IST" name="Default suite" finished-at="2024-03-05T15:34:12 IST" duration-ms="16856">
    <groups>
    </groups>
    <test started-at="2024-03-05T15:33:55 IST" name="Default test" finished-at="2024-03-05T15:34:12 IST" duration-ms="16856">
      <class name="SeleniumPractice.Testup">
        <test-method signature="verifyingLogin()[pri:0, instance:SeleniumPractice.Testup@10e31a9a]" started-at="2024-03-05T15:33:55 IST" name="verifyingLogin" finished-at="2024-03-05T15:34:12 IST" duration-ms="16816" status="PASS">
          <reporter-output>
          </reporter-output>
        </test-method> <!-- verifyingLogin -->
      </class> <!-- SeleniumPractice.Testup -->
    </test> <!-- Default test -->
  </suite> <!-- Default suite -->
</testng-results>
